2022-04-06 02:08:14,722 __main__ 28 [INFO][<module>] start
2022-04-06 02:08:14,723 __main__ 29 [INFO][<module>] start loading
2022-04-06 02:09:08,255 __main__ 34 [INFO][<module>] train data: 
       t_dat  ... sales_channel_id
0 2018-09-20  ...                2
1 2018-09-20  ...                2
2 2018-09-20  ...                2
3 2018-09-20  ...                2
4 2018-09-20  ...                2

[5 rows x 5 columns]
2022-04-06 02:09:08,260 __main__ 35 [INFO][<module>] test data: 
                                         customer_id                                         prediction
0  00000dbacae5abe5e23885899a1fa44253a17956c6d1c3...  0706016001 0706016002 0372860001 0610776002 07...
1  0000423b00ade91418cceaf3b26c6af3dd342b51fd051e...  0706016001 0706016002 0372860001 0610776002 07...
2  000058a12d5b43e67d225668fa1f8d618c13dc232df0ca...  0706016001 0706016002 0372860001 0610776002 07...
3  00005ca1c9ed5f5146b52ac8639a40ca9d57aeff4d1bd2...  0706016001 0706016002 0372860001 0610776002 07...
4  00006413d8573cd20ed7128e53b7b13819fe5cfc2d801f...  0706016001 0706016002 0372860001 0610776002 07...
2022-04-06 03:33:47,684 __main__ 294 [INFO][train] Epoch 1
Train Loss: 158.3102
Validation MAP: 0.01610933018698175

2022-04-06 04:55:43,369 __main__ 294 [INFO][train] Epoch 2
Train Loss: 109.7132
Validation MAP: 0.031726245748832343

2022-04-06 06:16:38,234 __main__ 294 [INFO][train] Epoch 3
Train Loss: 100.1753
Validation MAP: 0.03320535459858428

2022-04-06 07:35:30,917 __main__ 294 [INFO][train] Epoch 4
Train Loss: 99.8563
Validation MAP: 0.03314997737568547

2022-04-06 08:52:32,574 __main__ 294 [INFO][train] Epoch 5
Train Loss: 99.7616
Validation MAP: 0.03305043036161388

2022-04-06 10:12:30,875 __main__ 294 [INFO][train] Epoch 6
Train Loss: 99.6726
Validation MAP: 0.03539557747872552

2022-04-06 11:30:29,869 __main__ 294 [INFO][train] Epoch 7
Train Loss: 99.5995
Validation MAP: 0.03543520828520595

2022-04-06 12:47:37,432 __main__ 294 [INFO][train] Epoch 8
Train Loss: 99.5783
Validation MAP: 0.03552985930065547

2022-04-06 14:06:30,227 __main__ 294 [INFO][train] Epoch 9
Train Loss: 99.5525
Validation MAP: 0.03565901167619843

2022-04-06 15:26:53,862 __main__ 294 [INFO][train] Epoch 10
Train Loss: 99.5367
Validation MAP: 0.03565456740171236

