2022-04-12 04:35:31,690 __main__ 16 [INFO][<module>] start
2022-04-12 04:35:39,895 __main__ 18 [INFO][<module>] tran_df shape: (31788324, 5)
2022-04-12 04:35:39,905 __main__ 19 [INFO][<module>] tran_df sample: 
        t_dat  ... sales_channel_id
0  2018-09-20  ...                2
1  2018-09-20  ...                2
2  2018-09-20  ...                2
3  2018-09-20  ...                2
4  2018-09-20  ...                2

[5 rows x 5 columns]
2022-04-12 04:35:40,002 __main__ 21 [INFO][<module>] tran_df shape: (105542, 25)
2022-04-12 04:35:40,025 __main__ 22 [INFO][<module>] tran_df sample: 
   article_id  ...                                        detail_desc
0   108775015  ...            Jersey top with narrow shoulder straps.
1   108775044  ...            Jersey top with narrow shoulder straps.
2   108775051  ...            Jersey top with narrow shoulder straps.
3   110065001  ...  Microfibre T-shirt bra with underwired, moulde...
4   110065002  ...  Microfibre T-shirt bra with underwired, moulde...

[5 rows x 25 columns]
2022-04-12 04:35:40,032 __main__ 25 [INFO][<module>] department name: 
['Jersey Basic', 'Clean Lingerie', 'Tights basic', 'Baby basics', 'Casual Lingerie', 'Jersey', 'EQ & Special Collections', 'Hair Accessories', 'Other items', 'Baby Nightwear', 'Men Sport Woven', 'Men Sport Bottoms', 'Kids Boy Denim', 'Shopbasket Socks', 'Socks', 'UW', 'Young Girl Jersey Basic', 'Jacket Street', 'Belts', 'Divided Shoes', 'Swimwear', 'Underwear Jersey', 'Basic 1', 'Tops Knitwear DS', 'Men Sport Acc', 'Kids Boy Jersey Basic', 'Young Girl UW/NW', 'Shirt', 'Nightwear', 'Trouser', 'Small Accessories', 'Sunglasses', 'Gloves/Hats', 'Knit & Woven', 'Basics', 'Accessories', 'Jewellery', 'Jersey Fancy DS', 'Trousers DS', 'Bags', 'Blazer S&T', 'Knitwear', 'Woven bottoms', 'Shorts', 'Dresses DS', 'Expressive Lingerie', 'Kids Girl UW/NW', 'Young Boy Jersey Basic', 'Kids Girl S&T', 'Young Girl S&T', 'Shoes / Boots inactive from s5', 'Nursing', 'Jersey Fancy', 'Shoes', 'Functional Lingerie', 'Men Sport Tops', 'Other Accessories', 'Young Boy Trouser', 'Outdoor/Blazers DS', 'Mama Lingerie', 'Socks Bin', 'Denim Other Garments', 'Everyday Waredrobe Denim', 'Trousers', 'Denim Trousers', 'Outdoor/Blazers', 'Young Boy Denim', 'Scarves', 'Dresses', 'Skirts', 'Kids Girl Jersey Basic', 'Baby Socks', 'Trousers & Skirt', 'Young Boy Shirt', 'Kids Girl Big Acc', 'Young Girl Denim', 'Flats', 'Baby Toys/Acc', 'Projects Dresses', 'Denim shorts', 'Jersey inactive from s1', 'Promotion/Other/Offer', 'Bags & Items', 'Small Bags', 'Trouser S&T', 'Shirt S&T', 'Woven Tops', 'Denim trousers', 'Young Girl Knitwear', 'Outwear', 'Knitwear inactive from s1', 'Projects Woven Tops', 'Projects Jersey & Knitwear', 'Denim wardrobe H&M man inactive from S.6', 'Baby Boy Outdoor', 'Premium Quality', 'Woven inactive from s1', 'Tops woven DS', 'Newborn', 'Skirt', 'Jersey License', 'Jewellery Extended', 'Light Basic Jersey', 'Suit Extended inactive from s1', 'Young Boy UW/NW', 'Tops Knitwear', 'Kids Boy Socks', 'Young Boy Socks', 'Outdoor inactive from s1', 'Kids Girl Swimwear', 'Young Girl Swimwear', 'Ladies Sport Bras', 'Ladies Sport Bottoms', 'Jersey fancy', 'Blazer', 'Baby Boy Woven', 'Kids Boy Swimwear', 'Young boy Swimwear', 'Kids Dress-up/Football', 'Sneakers small girl inactive from s2', 'Tops Woven', 'Blouse', 'Shorts DS', 'Boots', 'Kids Boy Big Acc', 'Boys Small Acc & Bags', 'Woven top', 'Young Girl Dresses', 'Knitwear Basic', 'Sneakers', 'Dress', 'Baby Girl Woven', 'Baby Girl Jersey Fancy', 'Jacket Casual', 'Kids Boy UW/NW', 'Ladies Sport Acc', 'Kids Girl Jersey Fancy', 'Baby Exclusive', 'Young Boy Shorts', 'EQ Divided Basics', 'Shorts & Skirts', 'Promotion/ Other /Offer', 'Kids Boy Trouser', 'Tops Fancy Jersey', 'Kids Girl Knitwear', 'Kids Boy Jersey Fancy', 'Heels', 'Woven Premium', 'Blouse & Dress', 'Kids Girl Trouser', 'Kids Girl Dresses', 'Projects Woven Bottoms', 'Conscious Exclusive', 'Shoes Other', 'Kids Girl Outdoor', 'Skirts DS', 'Young Girl Jersey Fancy', 'Young Boy Outdoor', 'Young Girl Outdoor', 'Woven Occasion', 'Kids Boy Outdoor', 'Young Boy Jersey Fancy', 'Kids Boy Shoes', 'Ladies Sport Woven', 'Bottoms Girls', 'Tops Girls', 'Young Girl Big Acc', 'Young Boy Shoes', 'Young Boy Knitwear', 'Suit', 'Kids Girl Shoes', 'Jacket Smart', 'Projects', 'Kids Boy Knitwear', 'Woven bottoms inactive from S.7', 'Jersey/Knitwear Premium', 'Sneakers big girl inactive from s2', 'Suit jacket', 'Kids Boy Shirt', 'Jacket', 'Kids Girl Denim', 'Young Girl Trouser', 'Girls Small Acc/Bags', 'Shirt Extended inactive from s1', 'Tops Boys', 'Baby Girl Knitwear', 'Baby Shoes', 'Jackets', 'Jersey Occasion', 'Young Boy Big Acc', 'Kids Girl License', 'Baby Boy Jersey Fancy', 'Bottoms Boys', 'Local relevance', 'Dress-up Boys', 'Small Acc. Jewellery & Other', 'Baby Boy Knitwear', 'Equatorial Assortment', 'Loungewear', 'Studio Collection', 'Woven', 'Outwear & Blazers', 'Underwear Jersey Fancy inactive from s1', 'Special Collection', 'Take Care External', 'Equatorial', 'Divided+', 'OL Extended Sizes', 'Campaigns', 'Underwear Woven', 'Heavy Basic Jersey', 'EQ H&M Man', 'Young Girl Shoes', 'AK Other', 'Kids Boy Shorts', 'Bottoms', 'Shopbasket Lingerie', 'Kids Boy License', 'Baby Girl Outdoor', 'Promotion / Other / Offer', 'Divided+ inactive from s.1', 'Tops & Bottoms Other', 'Take care', 'Girls Local Relevance', 'AK Dresses & Outdoor', 'Limited Edition', 'AK Tops Jersey & Woven', 'AK Tops Knitwear', 'Divided Swimwear', 'AK Bottoms', 'Girls Projects', 'On Demand', 'Test Ladies', 'Socks Wall', 'Jersey inactive from S.6', 'Boys Local Relevance', 'License', 'Price Items', 'Asia Assortment', 'Accessories Boys', 'Read & React', 'EQ Ladies Denim', 'Small Accessories Extended', 'Baby Boy Local Relevance', 'Kids Girl Exclusive', 'Baby Girl Local Relevance', 'EQ Divided Blue', 'Kids Boy Exclusive', 'Accessories Other', 'Blanks']
2022-04-12 04:35:40,032 __main__ 26 [INFO][<module>] department name length: 250
2022-04-12 04:35:40,038 __main__ 29 [INFO][<module>] product group name: 
['Garment Upper body', 'Underwear', 'Socks & Tights', 'Garment Lower body', 'Accessories', 'Items', 'Nightwear', 'Unknown', 'Underwear/nightwear', 'Shoes', 'Swimwear', 'Garment Full body', 'Cosmetic', 'Interior textile', 'Bags', 'Furniture', 'Garment and Shoe care', 'Fun', 'Stationery']
2022-04-12 04:35:40,039 __main__ 30 [INFO][<module>] product group name length: 19
2022-04-12 04:35:40,045 __main__ 33 [INFO][<module>] garment group name: 
['Jersey Basic', 'Under-, Nightwear', 'Socks and Tights', 'Jersey Fancy', 'Accessories', 'Trousers Denim', 'Outdoor', 'Shoes', 'Swimwear', 'Knitwear', 'Shirts', 'Trousers', 'Dressed', 'Shorts', 'Dresses Ladies', 'Skirts', 'Special Offers', 'Blouses', 'Unknown', 'Woven/Jersey/Knitted mix Baby', 'Dresses/Skirts girls']
2022-04-12 04:35:40,045 __main__ 34 [INFO][<module>] garment group name length: 21
