2022-04-18 00:07:53,982 utils.load_data 31 [DEBUG][load_transaction_data] enter 
2022-04-18 00:08:07,608 utils.load_data 33 [DEBUG][load_transaction_data] exit 
2022-04-18 00:09:11,883 utils.load_data 45 [DEBUG][load_article_data] enter 
2022-04-18 00:09:12,022 utils.load_data 47 [DEBUG][load_article_data] exit 
2022-04-18 00:09:12,295 utils.load_data 38 [DEBUG][load_customer_data] enter 
2022-04-18 00:09:14,837 utils.load_data 40 [DEBUG][load_customer_data] exit 
2022-04-18 00:15:15,129 utils.load_data 31 [DEBUG][load_transaction_data] enter 
2022-04-18 00:15:26,671 utils.load_data 33 [DEBUG][load_transaction_data] exit 
2022-04-18 00:16:04,419 utils.load_data 31 [DEBUG][load_transaction_data] enter 
2022-04-18 00:16:15,252 utils.load_data 33 [DEBUG][load_transaction_data] exit 
2022-04-18 00:21:09,348 utils.load_data 31 [DEBUG][load_transaction_data] enter 
2022-04-18 00:21:19,575 utils.load_data 33 [DEBUG][load_transaction_data] exit 
2022-04-18 00:21:58,065 utils.load_data 45 [DEBUG][load_article_data] enter 
2022-04-18 00:21:58,193 utils.load_data 47 [DEBUG][load_article_data] exit 
2022-04-18 00:21:58,593 utils.load_data 38 [DEBUG][load_customer_data] enter 
2022-04-18 00:22:00,357 utils.load_data 40 [DEBUG][load_customer_data] exit 
2022-04-18 00:26:34,021 utils.load_data 31 [DEBUG][load_transaction_data] enter 
2022-04-18 00:26:44,378 utils.load_data 33 [DEBUG][load_transaction_data] exit 
2022-04-18 00:27:21,949 utils.load_data 45 [DEBUG][load_article_data] enter 
2022-04-18 00:27:22,071 utils.load_data 47 [DEBUG][load_article_data] exit 
2022-04-18 00:27:22,413 utils.load_data 38 [DEBUG][load_customer_data] enter 
2022-04-18 00:27:24,219 utils.load_data 40 [DEBUG][load_customer_data] exit 
2022-04-18 00:58:03,192 utils.load_data 31 [DEBUG][load_transaction_data] enter 
2022-04-18 00:58:13,736 utils.load_data 33 [DEBUG][load_transaction_data] exit 
2022-04-18 00:58:51,208 utils.load_data 45 [DEBUG][load_article_data] enter 
2022-04-18 00:58:51,335 utils.load_data 47 [DEBUG][load_article_data] exit 
2022-04-18 00:58:51,591 utils.load_data 38 [DEBUG][load_customer_data] enter 
2022-04-18 00:58:53,281 utils.load_data 40 [DEBUG][load_customer_data] exit 
2022-04-18 01:07:41,861 utils.load_data 52 [DEBUG][load_submission_data] enter 
2022-04-18 01:07:43,250 utils.load_data 54 [DEBUG][load_submission_data] exit 
2022-04-18 01:10:40,195 utils.load_data 31 [DEBUG][load_transaction_data] enter 
2022-04-18 01:10:50,671 utils.load_data 33 [DEBUG][load_transaction_data] exit 
2022-04-18 01:11:28,660 utils.load_data 45 [DEBUG][load_article_data] enter 
2022-04-18 01:11:28,772 utils.load_data 47 [DEBUG][load_article_data] exit 
2022-04-18 01:11:29,041 utils.load_data 38 [DEBUG][load_customer_data] enter 
2022-04-18 01:11:30,718 utils.load_data 40 [DEBUG][load_customer_data] exit 
2022-04-18 01:18:04,429 utils.load_data 52 [DEBUG][load_submission_data] enter 
2022-04-18 01:18:05,378 utils.load_data 54 [DEBUG][load_submission_data] exit 
