2022-04-08 01:53:42,133 __main__ 20 [INFO][<module>] start
2022-04-08 01:53:42,496 __main__ 24 [INFO][<module>] rate_df shape: (1000209, 3)
2022-04-08 01:53:42,501 __main__ 25 [INFO][<module>] rate_df data samlple: 
   user_id  movie_id  rating
0        1      1193       5
1        1       661       3
2        1       914       3
3        1      3408       4
4        1      2355       5
2022-04-08 01:53:42,501 __main__ 26 [INFO][<module>] user_df shape: (6040, 5)
2022-04-08 01:53:42,507 __main__ 27 [INFO][<module>] user_df data samlple: 
   user_id gender zipcode  age_desc              occ_desc
0        1      F   48067  Under 18          K-12 student
1        2      M   70072       56+         self-employed
2        3      M   55117     25-34             scientist
3        4      M   02460     45-49  executive/managerial
4        5      M   55455     25-34                writer
2022-04-08 01:53:42,507 __main__ 28 [INFO][<module>] movie_df shape: (3883, 3)
2022-04-08 01:53:42,511 __main__ 29 [INFO][<module>] movie_df data samlple: 
   movie_id                               title                        genres
0         1                    Toy Story (1995)   Animation|Children's|Comedy
1         2                      Jumanji (1995)  Adventure|Children's|Fantasy
2         3             Grumpier Old Men (1995)                Comedy|Romance
3         4            Waiting to Exhale (1995)                  Comedy|Drama
4         5  Father of the Bride Part II (1995)                        Comedy
2022-04-08 01:53:42,511 __main__ 31 [INFO][<module>] arrange data
2022-04-08 01:53:43,667 __main__ 33 [INFO][<module>] user_item_matrix shape: (6040, 3706)
2022-04-08 01:53:43,779 __main__ 34 [INFO][<module>] user_item_matrix shape: 
movie_id  1     2     3     4     5     6     7     8     9     10    11    12    13    ...  3940  3941  3942  3943  3944  3945  3946  3947  3948  3949  3950  3951  3952
user_id                                                                                 ...                                                                              
1            5     0     0     0     0     0     0     0     0     0     0     0     0  ...     0     0     0     0     0     0     0     0     0     0     0     0     0
2            0     0     0     0     0     0     0     0     0     0     0     0     0  ...     0     0     0     0     0     0     0     0     0     0     0     0     0
3            0     0     0     0     0     0     0     0     0     0     0     0     0  ...     0     0     0     0     0     0     0     0     0     0     0     0     0
4            0     0     0     0     0     0     0     0     0     0     0     0     0  ...     0     0     0     0     0     0     0     0     0     0     0     0     0
5            0     0     0     0     0     2     0     0     0     0     0     0     0  ...     0     0     0     0     0     0     0     0     0     0     0     0     0

[5 rows x 3706 columns]
2022-04-08 01:53:44,531 __main__ 38 [INFO][<module>] arranged data: 
title    Toy Story (1995)  Jumanji (1995)  Grumpier Old Men (1995)  ...  Tigerland (2000)  Two Family House (2000)  Contender, The (2000)
user_id                                                             ...                                                                  
1                       5               0                        0  ...                 0                        0                      0
2                       0               0                        0  ...                 0                        0                      0
3                       0               0                        0  ...                 0                        0                      0
4                       0               0                        0  ...                 0                        0                      0
5                       0               0                        0  ...                 0                        0                      0
...                   ...             ...                      ...  ...               ...                      ...                    ...
6036                    0               0                        0  ...                 0                        0                      0
6037                    0               0                        0  ...                 0                        0                      0
6038                    0               0                        0  ...                 0                        0                      0
6039                    0               0                        0  ...                 0                        0                      0
6040                    3               0                        0  ...                 0                        0                      0

[6040 rows x 3706 columns]
2022-04-08 01:53:45,906 __main__ 41 [INFO][<module>] X_user: 
[[1.         0.09638153 0.12060981 ... 0.         0.17460369 0.13359025]
 [0.09638153 1.         0.1514786  ... 0.06611767 0.0664575  0.21827563]
 [0.12060981 0.1514786  1.         ... 0.12023352 0.09467506 0.13314404]
 ...
 [0.         0.06611767 0.12023352 ... 1.         0.16171426 0.09930008]
 [0.17460369 0.0664575  0.09467506 ... 0.16171426 1.         0.22833237]
 [0.13359025 0.21827563 0.13314404 ... 0.09930008 0.22833237 1.        ]]
2022-04-08 01:53:46,770 __main__ 43 [INFO][<module>] X_item: 
[[1.         0.39034871 0.26794263 ... 0.09347942 0.04282933 0.18269056]
 [0.39034871 1.         0.24094645 ... 0.08701306 0.02606255 0.12218461]
 [0.26794263 0.24094645 1.         ... 0.0622576  0.01007255 0.097786  ]
 ...
 [0.09347942 0.08701306 0.0622576  ... 1.         0.20280851 0.2346385 ]
 [0.04282933 0.02606255 0.01007255 ... 0.20280851 1.         0.19297221]
 [0.18269056 0.12218461 0.097786   ... 0.2346385  0.19297221 1.        ]]
2022-04-08 01:53:46,788 __main__ 87 [INFO][<module>] user69 liked: 
                                                title  movie_id                        genres  user_id  rating
0                                        Nixon (1995)        14                         Drama       69       5
27                              Secrets & Lies (1996)      1041                         Drama       69       5
20                     Remains of the Day, The (1993)       515                         Drama       69       5
48                              Primary Colors (1998)      1810                         Drama       69       5
45                                 Wag the Dog (1997)      1747                  Comedy|Drama       69       5
24                   Silence of the Lambs, The (1991)       593                Drama|Thriller       69       5
25  Flower of My Secret, The (La Flor de Mi Secret...       617                         Drama       69       5
26                                       Bound (1996)       866  Crime|Drama|Romance|Thriller       69       5
28                         Glengarry Glen Ross (1992)      1095                         Drama       69       5
53                                   Elizabeth (1998)      2336                         Drama       69       5
2022-04-08 01:53:46,799 __main__ 90 [INFO][<module>] user based recommendation
                                title  movie_id                         genres
0             Scent of a Woman (1992)      3252                          Drama
1      Godfather: Part II, The (1974)      1221             Action|Crime|Drama
2           Once Were Warriors (1994)       290                    Crime|Drama
3               Godfather, The (1972)       858             Action|Crime|Drama
4                   GoodFellas (1990)      1213                    Crime|Drama
5                 Midnight Run (1988)      3104  Action|Adventure|Comedy|Crime
6             Schindler's List (1993)       527                      Drama|War
7                Summer of Sam (1999)      2702                          Drama
8                          JFK (1991)      3386                  Drama|Mystery
9  Once Upon a Time in America (1984)      1227           Crime|Drama|Thriller
2022-04-08 01:53:46,814 __main__ 94 [INFO][<module>] user2155 liked: 
                                  title  movie_id                 genres  user_id  rating
0    Dracula: Dead and Loving It (1995)        12          Comedy|Horror     2155       5
51           Rage: Carrie 2, The (1999)      2548                 Horror     2155       5
33             Exorcist III, The (1990)      1999                 Horror     2155       5
36           Disturbing Behavior (1998)      2026        Horror|Thriller     2155       5
37                Needful Things (1993)      2120           Drama|Horror     2155       5
38                         House (1986)      2148          Comedy|Horror     2155       5
39                  Urban Legend (1998)      2279        Horror|Thriller     2155       5
41                      Vampires (1998)      2328                 Horror     2155       5
42                        Psycho (1998)      2389  Crime|Horror|Thriller     2155       5
45  Texas Chainsaw Massacre, The (1974)      2459                 Horror     2155       5
2022-04-08 01:53:46,825 __main__ 97 [INFO][<module>] user based recommendation
                                          title  movie_id                                 genres
0     Star Wars: Episode IV - A New Hope (1977)       260        Action|Adventure|Fantasy|Sci-Fi
1  Willy Wonka and the Chocolate Factory (1971)      1073    Adventure|Children's|Comedy|Fantasy
2                        Erin Brockovich (2000)      3408                                  Drama
3                       Army of Darkness (1993)      1215  Action|Adventure|Comedy|Horror|Sci-Fi
4                                  Alien (1979)      1214          Action|Horror|Sci-Fi|Thriller
5                           Ghostbusters (1984)      2716                          Comedy|Horror
6                                 Misery (1990)      3499                                 Horror
7                              Excalibur (1981)      2872           Action|Drama|Fantasy|Romance
8                            Beetlejuice (1988)      2174                         Comedy|Fantasy
9             E.T. the Extra-Terrestrial (1982)      1097        Children's|Drama|Fantasy|Sci-Fi
2022-04-08 01:53:46,833 __main__ 102 [INFO][<module>] item based recommendation
                               title  movie_id                      genres
0                        2010 (1984)      2311              Mystery|Sci-Fi
1                      Aliens (1986)      1200  Action|Sci-Fi|Thriller|War
2  Back to the Future Part II (1989)      2011               Comedy|Sci-Fi
3                Blade Runner (1982)       541            Film-Noir|Sci-Fi
4                      Cocoon (1985)      2407               Comedy|Sci-Fi
5           Dark Crystal, The (1982)      2140   Children's|Fantasy|Sci-Fi
6                        Dune (1984)      2021              Fantasy|Sci-Fi
7          Fifth Element, The (1997)      1527               Action|Sci-Fi
8                 Logan's Run (1976)      2528     Action|Adventure|Sci-Fi
9  Mad Max Beyond Thunderdome (1985)      3704               Action|Sci-Fi
2022-04-08 01:53:46,842 __main__ 106 [INFO][<module>] item based recommendation
                           title  movie_id                               genres
0          101 Dalmatians (1961)      2085                 Animation|Children's
1                 Aladdin (1992)       588  Animation|Children's|Comedy|Musical
2     Alice in Wonderland (1951)      1032         Animation|Children's|Musical
3                   Bambi (1942)      2018                 Animation|Children's
4    Beauty and the Beast (1991)       595         Animation|Children's|Musical
5         Charlotte's Web (1973)      2137                 Animation|Children's
6              Cinderella (1950)      1022         Animation|Children's|Musical
7                   Dumbo (1941)      1029         Animation|Children's|Musical
8                Fantasia (1940)      1282         Animation|Children's|Musical
9  Fox and the Hound, The (1981)      1033                 Animation|Children's
