2022-03-25 09:53:11,967 __main__ 22 [INFO][<module>] start
2022-03-25 09:53:11,967 __main__ 24 [INFO][<module>] start loading
2022-03-25 09:53:52,758 __main__ 26 [INFO][<module>] finish loading
2022-03-25 09:53:52,758 __main__ 27 [INFO][<module>] data shape: (31788324, 5)
2022-03-25 09:53:52,767 __main__ 28 [INFO][<module>] data sample: 
        t_dat  ... sales_channel_id
0  2018-09-20  ...                2
1  2018-09-20  ...                2
2  2018-09-20  ...                2
3  2018-09-20  ...                2
4  2018-09-20  ...                2

[5 rows x 5 columns]
2022-03-25 09:53:52,767 __main__ 30 [INFO][<module>] arrange data
2022-03-25 10:49:30,509 __main__ 58 [INFO][<module>] arranged data: 
              t_dat  ... quotient
0        2018-09-20  ...      0.0
1        2018-09-20  ...      0.0
2        2018-09-20  ...      0.0
3        2018-09-20  ...      0.0
4        2018-09-20  ...      0.0
...             ...  ...      ...
31788319 2020-09-22  ...      1.0
31788320 2020-09-22  ...      1.0
31788321 2020-09-22  ...      1.0
31788322 2020-09-22  ...      1.0
31788323 2020-09-22  ...      1.0

[31788324 rows x 7 columns]
2022-03-25 10:49:30,509 __main__ 60 [INFO][<module>] Fill purchase dictionary
